<?xml version="1.0" encoding="UTF-8"?>
<!-- Generated by org.testng.reporters.JUnitXMLReporter -->
<testsuite ignored="0" hostname="DESKTOP-L36R1QS" failures="0" tests="3" name="Test" time="0.086" errors="0" timestamp="2023-05-24T02:18:17 GMT-07:00">
  <testcase classname="l_i_s_t_n_e_r_s.data2" name="test1" time="0.014"/>
  <testcase classname="l_i_s_t_n_e_r_s.data2" name="test2" time="0.002"/>
  <testcase classname="l_i_s_t_n_e_r_s.data2" name="test3" time="0.003"/>
</testsuite> <!-- Test -->
